<?xml version="1.0" encoding="utf-8"?><testsuites name="pytest tests"><testsuite name="pytest" errors="0" failures="0" skipped="0" tests="10" time="11.674" timestamp="2026-08-10T22:31:06.122391+00:00" hostname="agent-env-6b2a5811-6749-4649-97eb-bd9fcd68fc28"><testcase classname="tests.test_forge_v2_regressions" name="test_demo_legacy_compatibility_and_muscle_map" time="0.211" /><testcase classname="tests.test_forge_v2_iteration4" name="test_techniques_catalog" time="0.160" /><testcase classname="tests.test_forge_v2_iteration4" name="test_bootstrap_includes_techniques" time="0.122" /><testcase classname="tests.test_forge_v2_regressions" name="test_assessment_generates_requested_session_counts" time="0.450" /><testcase classname="tests.test_forge_v2_iteration4" name="test_custom_program_post_and_persistence" time="0.472" /><testcase classname="tests.test_forge_v2_regressions" name="test_v2_supporting_endpoints" time="0.248" /><testcase classname="tests.test_forge_v2_iteration4" name="test_custom_program_delete_reverts_to_engine" time="0.317" /><testcase classname="tests.test_forge_api" name="test_critical_api_flow" time="0.407" /><testcase classname="tests.test_forge_v2_iteration4" name="test_sets_stores_technique_field" time="0.245" /><testcase classname="tests.test_forge_v2_iteration4" name="test_coach_sse_streaming" time="9.840" /></testsuite></testsuites>